2025-04-28 22:48:34,085 - INFO - Archivo seleccionado: /Users/leonardovaldez/Downloads/taller-ii-B.pdf
2025-04-28 22:48:35,465 - INFO - Iniciando procesamiento de /Users/leonardovaldez/Downloads/taller-ii-B.pdf
2025-04-28 22:48:35,501 - INFO - PDF leído y preprocesado correctamente
2025-04-28 22:48:35,501 - DEBUG - Patrón encontrado: PERIODO\s+ESCOL[AR]+\s*(.*) -> ENE-JUN/2025 CICLO DE ESTUDIOS LICENCIATURA DEPARTAMENTO ACADEMICO DEPARTAMENTO DE SISTEMAS Y COMPUTACION MATERIA CLAVE GRUPO TALL. DE INVEST. II 8X3 B RFC CATEDRATICO MEAL600709GQ4 MENDOZA AUSTRIA LUIS LUNES MARTES MIERCOLES JUEVES VIERNES ALUMNOS 25 17:00-19:00 / Y9 17:00-19:00 / Y9 NO ESTATUS NOMBRE DEL ALUMNO NO. DE CONTROL 1 AHUMADA HUERTA URIEL 21200573 2 ARRIAGA OSTRIA OMAR 21200578 3 BAUTISTA HERNANDEZ OMAR 20200339 4 CABRALES VEGA AMANDA 21200982 5 CASTILLO PEREZ EDGAR JAIR 21200105 6 CRUZ TORRES ANGEL YAHIR 21840163 7 CRUZ ZAVALETA IAN HAZEL 20200797 8 GALARZA ACOSTA MARLY 22201111 9 GAMERO SERRANO RODRIGO 21200597 10 GARCIA LUGO ITZEL PAOLA 21200599 11 GARRIDO VIRGEN JESSEL ALEJANDRO 21200602 12 GONZALEZ MAYORGA EMMANUEL 21200984 13 GUTIERREZ HERNANDEZ VICTOR GABRIEL 21200605 14 JUAREZ SIERRA JEAN FRANCISCO 20200193 15 LEON HERNANDEZ IRAN PASCUAL 21200903 16 LUGO LOPEZ ANGEL EDUARDO 21200612 17 MARTINEZ SANCHEZ CITLALI 21200614 18 MENDOZA GUTIERREZ MARIANA 21200615 19 R MENESES CADENA JOSE REFUGIO 20201270 20 MOLINA MONROY PEDRO DANIEL 21200616 21 SERRANO GONZALEZ URIEL ALBERTO 21200630 22 TOLENTINO SANTANDER EMANUEL 21200635 23 VALDEZ ZU?IGA LEONARDO VICENTE 24200196 24 VAZQUEZ MARTINEZ JORGE BRANDON 21200639 25 VIEYRA ANDRADE RAZIEL JOB 21200992 ESTATUS: R=REPETICION, E= ESPECIAL FECHA: 20 DE ABRIL DEL 2025
2025-04-28 22:48:35,502 - DEBUG - Patrón encontrado: CICLO\s+DE\s+ESTUD[IOS]+\s*(.*) -> LICENCIATURA DEPARTAMENTO ACADEMICO DEPARTAMENTO DE SISTEMAS Y COMPUTACION MATERIA CLAVE GRUPO TALL. DE INVEST. II 8X3 B RFC CATEDRATICO MEAL600709GQ4 MENDOZA AUSTRIA LUIS LUNES MARTES MIERCOLES JUEVES VIERNES ALUMNOS 25 17:00-19:00 / Y9 17:00-19:00 / Y9 NO ESTATUS NOMBRE DEL ALUMNO NO. DE CONTROL 1 AHUMADA HUERTA URIEL 21200573 2 ARRIAGA OSTRIA OMAR 21200578 3 BAUTISTA HERNANDEZ OMAR 20200339 4 CABRALES VEGA AMANDA 21200982 5 CASTILLO PEREZ EDGAR JAIR 21200105 6 CRUZ TORRES ANGEL YAHIR 21840163 7 CRUZ ZAVALETA IAN HAZEL 20200797 8 GALARZA ACOSTA MARLY 22201111 9 GAMERO SERRANO RODRIGO 21200597 10 GARCIA LUGO ITZEL PAOLA 21200599 11 GARRIDO VIRGEN JESSEL ALEJANDRO 21200602 12 GONZALEZ MAYORGA EMMANUEL 21200984 13 GUTIERREZ HERNANDEZ VICTOR GABRIEL 21200605 14 JUAREZ SIERRA JEAN FRANCISCO 20200193 15 LEON HERNANDEZ IRAN PASCUAL 21200903 16 LUGO LOPEZ ANGEL EDUARDO 21200612 17 MARTINEZ SANCHEZ CITLALI 21200614 18 MENDOZA GUTIERREZ MARIANA 21200615 19 R MENESES CADENA JOSE REFUGIO 20201270 20 MOLINA MONROY PEDRO DANIEL 21200616 21 SERRANO GONZALEZ URIEL ALBERTO 21200630 22 TOLENTINO SANTANDER EMANUEL 21200635 23 VALDEZ ZU?IGA LEONARDO VICENTE 24200196 24 VAZQUEZ MARTINEZ JORGE BRANDON 21200639 25 VIEYRA ANDRADE RAZIEL JOB 21200992 ESTATUS: R=REPETICION, E= ESPECIAL FECHA: 20 DE ABRIL DEL 2025
2025-04-28 22:48:35,502 - DEBUG - Patrón encontrado: DEPARTAMENTO\s+ACAD[EMICO]+\s*(.*) -> DEPARTAMENTO DE SISTEMAS Y COMPUTACION MATERIA CLAVE GRUPO TALL. DE INVEST. II 8X3 B RFC CATEDRATICO MEAL600709GQ4 MENDOZA AUSTRIA LUIS LUNES MARTES MIERCOLES JUEVES VIERNES ALUMNOS 25 17:00-19:00 / Y9 17:00-19:00 / Y9 NO ESTATUS NOMBRE DEL ALUMNO NO. DE CONTROL 1 AHUMADA HUERTA URIEL 21200573 2 ARRIAGA OSTRIA OMAR 21200578 3 BAUTISTA HERNANDEZ OMAR 20200339 4 CABRALES VEGA AMANDA 21200982 5 CASTILLO PEREZ EDGAR JAIR 21200105 6 CRUZ TORRES ANGEL YAHIR 21840163 7 CRUZ ZAVALETA IAN HAZEL 20200797 8 GALARZA ACOSTA MARLY 22201111 9 GAMERO SERRANO RODRIGO 21200597 10 GARCIA LUGO ITZEL PAOLA 21200599 11 GARRIDO VIRGEN JESSEL ALEJANDRO 21200602 12 GONZALEZ MAYORGA EMMANUEL 21200984 13 GUTIERREZ HERNANDEZ VICTOR GABRIEL 21200605 14 JUAREZ SIERRA JEAN FRANCISCO 20200193 15 LEON HERNANDEZ IRAN PASCUAL 21200903 16 LUGO LOPEZ ANGEL EDUARDO 21200612 17 MARTINEZ SANCHEZ CITLALI 21200614 18 MENDOZA GUTIERREZ MARIANA 21200615 19 R MENESES CADENA JOSE REFUGIO 20201270 20 MOLINA MONROY PEDRO DANIEL 21200616 21 SERRANO GONZALEZ URIEL ALBERTO 21200630 22 TOLENTINO SANTANDER EMANUEL 21200635 23 VALDEZ ZU?IGA LEONARDO VICENTE 24200196 24 VAZQUEZ MARTINEZ JORGE BRANDON 21200639 25 VIEYRA ANDRADE RAZIEL JOB 21200992 ESTATUS: R=REPETICION, E= ESPECIAL FECHA: 20 DE ABRIL DEL 2025
2025-04-28 22:48:35,502 - ERROR - Error al extraer datos: No se pudo extraer información de materia/clave/grupo
2025-04-28 22:48:35,503 - ERROR - Error de validación: No se pudo extraer información de materia/clave/grupo
2025-04-28 22:57:14,669 - INFO - Archivo seleccionado: /Users/leonardovaldez/Downloads/taller-ii-B.pdf
2025-04-28 22:57:17,254 - INFO - Iniciando procesamiento del PDF...
2025-04-28 22:57:17,291 - ERROR - Error al procesar PDF. Texto relevante:
INSTITUTO TECNOLÓGICO DE PACHUCA
LISTA DE ASISTENCIA
PERIODO ESCOLAR
ENE-JUN/2025
CICLO DE ESTUDIOS
LICENCIATURA
DEPARTAMENTO ACADEMICO
DEPARTAMENTO DE SISTEMAS Y COMPUTACION
MATERIA
CLAVE
GRUPO
TALL. DE INVEST. II
8X3    
B  
RFC
CATEDRATICO
MEAL600709GQ4
MENDOZA AUSTRIA LUIS
LUNES
MARTES
MIERCOLES
JUEVES
VIERNES
ALUMNOS
25
17:00-19:00 / Y9
17:00-19:00 / Y9
NO ESTATUS
NOMBRE DEL ALUMNO
NO. DE CONTROL
1
AHUMADA HUERTA URIEL
21200573  
2
ARRIAGA OSTRIA OMAR
21200578  
3
BAUTISTA HERNANDEZ OMAR
20200339  
4
CABRALES VEGA AMANDA
21200982  
5
CASTILLO PEREZ EDGAR JAIR
21200105  
6
CRUZ TORRES ANGEL YAHIR
21840163  
7
CRUZ ZAVALETA IAN HAZEL
20200797  
8
GALARZA ACOSTA MARLY
22201111  
9
GAMERO SERRANO RODRIGO
21200597  
10
GARCIA LUGO ITZEL PAOLA
21200599  
11
GARRIDO VIRGEN JESSEL ALEJANDRO
21200602  
12
GONZALEZ MAYORGA EMMANUEL
21200984  
13
GUTIERREZ HERNANDEZ VICTOR GABRIEL
21200605  
14
JUAREZ SIERRA JEAN FRANCISCO
20200193  
15
LEON HERNANDEZ IRAN PASCUAL
21200903  
16
LUGO LOPEZ AN
2025-04-28 22:57:17,292 - ERROR - Error de formato: No se pudo procesar el PDF: No se encontró PERIODO ESCOLAR en el formato esperado
2025-04-28 23:21:35,467 - INFO - Archivo seleccionado: /Users/leonardovaldez/Downloads/taller-ii-B.pdf
2025-04-28 23:21:37,980 - ERROR - Error procesando PDF: No se pudo leer el archivo PDF: no such file: 'Instituto Tecnológico de Pachuca
LISTA DE ASISTENCIA
PERIODO ESCOLAR
ENE-JUN/2025
CICLO DE ESTUDIOS
LICENCIATURA
DEPARTAMENTO ACADEMICO
DEPARTAMENTO DE SISTEMAS Y COMPUTACION
MATERIA
CLAVE
GRUPO
TALL. DE INVEST. II
8X3    
B  
RFC
CATEDRATICO
MEAL600709GQ4
MENDOZA AUSTRIA LUIS
LUNES
MARTES
MIERCOLES
JUEVES
VIERNES
ALUMNOS
25
17:00-19:00 / Y9
17:00-19:00 / Y9
No ESTATUS
NOMBRE DEL ALUMNO
No. DE CONTROL
1
AHUMADA HUERTA URIEL
21200573  
2
ARRIAGA OSTRIA OMAR
21200578  
3
BAUTISTA HERNANDEZ OMAR
20200339  
4
CABRALES VEGA AMANDA
21200982  
5
CASTILLO PEREZ EDGAR JAIR
21200105  
6
CRUZ TORRES ANGEL YAHIR
21840163  
7
CRUZ ZAVALETA IAN HAZEL
20200797  
8
GALARZA ACOSTA MARLY
22201111  
9
GAMERO SERRANO RODRIGO
21200597  
10
GARCIA LUGO ITZEL PAOLA
21200599  
11
GARRIDO VIRGEN JESSEL ALEJANDRO
21200602  
12
GONZALEZ MAYORGA EMMANUEL
21200984  
13
GUTIERREZ HERNANDEZ VICTOR GABRIEL
21200605  
14
JUAREZ SIERRA JEAN FRANCISCO
20200193  
15
LEON HERNANDEZ IRAN PASCUAL
21200903  
16
LUGO LOPEZ ANGEL EDUARDO
21200612  
17
MARTINEZ SANCHEZ CITLALI
21200614  
18
MENDOZA GUTIERREZ MARIANA
21200615  
19
R
MENESES CADENA JOSE REFUGIO
20201270  
20
MOLINA MONROY PEDRO DANIEL
21200616  
21
SERRANO GONZALEZ URIEL ALBERTO
21200630  
22
TOLENTINO SANTANDER EMANUEL
21200635  
23
VALDEZ ZU?IGA LEONARDO VICENTE
24200196  
24
VAZQUEZ MARTINEZ JORGE BRANDON
21200639  
25
VIEYRA ANDRADE RAZIEL JOB
21200992  
ESTATUS: R=Repetición, E= Especial
FECHA: 20 de Abril del 2025
'
Texto: N/A
2025-04-28 23:36:02,658 - INFO - Archivo seleccionado: /Users/leonardovaldez/Downloads/taller-ii-B.pdf
2025-04-28 23:36:04,487 - ERROR - Error procesando PDF: No se pudo leer el archivo PDF: no such file: 'Instituto Tecnológico de Pachuca
LISTA DE ASISTENCIA
PERIODO ESCOLAR
ENE-JUN/2025
CICLO DE ESTUDIOS
LICENCIATURA
DEPARTAMENTO ACADEMICO
DEPARTAMENTO DE SISTEMAS Y COMPUTACION
MATERIA
CLAVE
GRUPO
TALL. DE INVEST. II
8X3    
B  
RFC
CATEDRATICO
MEAL600709GQ4
MENDOZA AUSTRIA LUIS
LUNES
MARTES
MIERCOLES
JUEVES
VIERNES
ALUMNOS
25
17:00-19:00 / Y9
17:00-19:00 / Y9
No ESTATUS
NOMBRE DEL ALUMNO
No. DE CONTROL
1
AHUMADA HUERTA URIEL
21200573  
2
ARRIAGA OSTRIA OMAR
21200578  
3
BAUTISTA HERNANDEZ OMAR
20200339  
4
CABRALES VEGA AMANDA
21200982  
5
CASTILLO PEREZ EDGAR JAIR
21200105  
6
CRUZ TORRES ANGEL YAHIR
21840163  
7
CRUZ ZAVALETA IAN HAZEL
20200797  
8
GALARZA ACOSTA MARLY
22201111  
9
GAMERO SERRANO RODRIGO
21200597  
10
GARCIA LUGO ITZEL PAOLA
21200599  
11
GARRIDO VIRGEN JESSEL ALEJANDRO
21200602  
12
GONZALEZ MAYORGA EMMANUEL
21200984  
13
GUTIERREZ HERNANDEZ VICTOR GABRIEL
21200605  
14
JUAREZ SIERRA JEAN FRANCISCO
20200193  
15
LEON HERNANDEZ IRAN PASCUAL
21200903  
16
LUGO LOPEZ ANGEL EDUARDO
21200612  
17
MARTINEZ SANCHEZ CITLALI
21200614  
18
MENDOZA GUTIERREZ MARIANA
21200615  
19
R
MENESES CADENA JOSE REFUGIO
20201270  
20
MOLINA MONROY PEDRO DANIEL
21200616  
21
SERRANO GONZALEZ URIEL ALBERTO
21200630  
22
TOLENTINO SANTANDER EMANUEL
21200635  
23
VALDEZ ZU?IGA LEONARDO VICENTE
24200196  
24
VAZQUEZ MARTINEZ JORGE BRANDON
21200639  
25
VIEYRA ANDRADE RAZIEL JOB
21200992  
ESTATUS: R=Repetición, E= Especial
FECHA: 20 de Abril del 2025
'
Texto: N/A
2025-04-28 23:43:37,547 - INFO - Archivo seleccionado: /Users/leonardovaldez/Downloads/taller-ii-B.pdf
2025-04-28 23:43:40,628 - INFO - PDF leído correctamente
2025-04-28 23:43:40,629 - ERROR - Error al leer el archivo PDF: no such file: 'Instituto Tecnológico de Pachuca
LISTA DE ASISTENCIA
PERIODO ESCOLAR
ENE-JUN/2025
CICLO DE ESTUDIOS
LICENCIATURA
DEPARTAMENTO ACADEMICO
DEPARTAMENTO DE SISTEMAS Y COMPUTACION
MATERIA
CLAVE
GRUPO
TALL. DE INVEST. II
8X3    
B  
RFC
CATEDRATICO
MEAL600709GQ4
MENDOZA AUSTRIA LUIS
LUNES
MARTES
MIERCOLES
JUEVES
VIERNES
ALUMNOS
25
17:00-19:00 / Y9
17:00-19:00 / Y9
No ESTATUS
NOMBRE DEL ALUMNO
No. DE CONTROL
1
AHUMADA HUERTA URIEL
21200573  
2
ARRIAGA OSTRIA OMAR
21200578  
3
BAUTISTA HERNANDEZ OMAR
20200339  
4
CABRALES VEGA AMANDA
21200982  
5
CASTILLO PEREZ EDGAR JAIR
21200105  
6
CRUZ TORRES ANGEL YAHIR
21840163  
7
CRUZ ZAVALETA IAN HAZEL
20200797  
8
GALARZA ACOSTA MARLY
22201111  
9
GAMERO SERRANO RODRIGO
21200597  
10
GARCIA LUGO ITZEL PAOLA
21200599  
11
GARRIDO VIRGEN JESSEL ALEJANDRO
21200602  
12
GONZALEZ MAYORGA EMMANUEL
21200984  
13
GUTIERREZ HERNANDEZ VICTOR GABRIEL
21200605  
14
JUAREZ SIERRA JEAN FRANCISCO
20200193  
15
LEON HERNANDEZ IRAN PASCUAL
21200903  
16
LUGO LOPEZ ANGEL EDUARDO
21200612  
17
MARTINEZ SANCHEZ CITLALI
21200614  
18
MENDOZA GUTIERREZ MARIANA
21200615  
19
R
MENESES CADENA JOSE REFUGIO
20201270  
20
MOLINA MONROY PEDRO DANIEL
21200616  
21
SERRANO GONZALEZ URIEL ALBERTO
21200630  
22
TOLENTINO SANTANDER EMANUEL
21200635  
23
VALDEZ ZU?IGA LEONARDO VICENTE
24200196  
24
VAZQUEZ MARTINEZ JORGE BRANDON
21200639  
25
VIEYRA ANDRADE RAZIEL JOB
21200992  
ESTATUS: R=Repetición, E= Especial
FECHA: 20 de Abril del 2025
'
2025-04-28 23:44:05,664 - INFO - Archivo seleccionado: /Users/leonardovaldez/Downloads/taller-ii-B.pdf
2025-04-28 23:44:07,054 - INFO - PDF leído correctamente
2025-04-28 23:44:07,054 - ERROR - Error al leer el archivo PDF: no such file: 'Instituto Tecnológico de Pachuca
LISTA DE ASISTENCIA
PERIODO ESCOLAR
ENE-JUN/2025
CICLO DE ESTUDIOS
LICENCIATURA
DEPARTAMENTO ACADEMICO
DEPARTAMENTO DE SISTEMAS Y COMPUTACION
MATERIA
CLAVE
GRUPO
TALL. DE INVEST. II
8X3    
B  
RFC
CATEDRATICO
MEAL600709GQ4
MENDOZA AUSTRIA LUIS
LUNES
MARTES
MIERCOLES
JUEVES
VIERNES
ALUMNOS
25
17:00-19:00 / Y9
17:00-19:00 / Y9
No ESTATUS
NOMBRE DEL ALUMNO
No. DE CONTROL
1
AHUMADA HUERTA URIEL
21200573  
2
ARRIAGA OSTRIA OMAR
21200578  
3
BAUTISTA HERNANDEZ OMAR
20200339  
4
CABRALES VEGA AMANDA
21200982  
5
CASTILLO PEREZ EDGAR JAIR
21200105  
6
CRUZ TORRES ANGEL YAHIR
21840163  
7
CRUZ ZAVALETA IAN HAZEL
20200797  
8
GALARZA ACOSTA MARLY
22201111  
9
GAMERO SERRANO RODRIGO
21200597  
10
GARCIA LUGO ITZEL PAOLA
21200599  
11
GARRIDO VIRGEN JESSEL ALEJANDRO
21200602  
12
GONZALEZ MAYORGA EMMANUEL
21200984  
13
GUTIERREZ HERNANDEZ VICTOR GABRIEL
21200605  
14
JUAREZ SIERRA JEAN FRANCISCO
20200193  
15
LEON HERNANDEZ IRAN PASCUAL
21200903  
16
LUGO LOPEZ ANGEL EDUARDO
21200612  
17
MARTINEZ SANCHEZ CITLALI
21200614  
18
MENDOZA GUTIERREZ MARIANA
21200615  
19
R
MENESES CADENA JOSE REFUGIO
20201270  
20
MOLINA MONROY PEDRO DANIEL
21200616  
21
SERRANO GONZALEZ URIEL ALBERTO
21200630  
22
TOLENTINO SANTANDER EMANUEL
21200635  
23
VALDEZ ZU?IGA LEONARDO VICENTE
24200196  
24
VAZQUEZ MARTINEZ JORGE BRANDON
21200639  
25
VIEYRA ANDRADE RAZIEL JOB
21200992  
ESTATUS: R=Repetición, E= Especial
FECHA: 20 de Abril del 2025
'
2025-04-28 23:49:54,452 - INFO - Archivo seleccionado: /Users/leonardovaldez/Downloads/taller-ii-B.pdf
2025-04-28 23:49:55,797 - ERROR - Error procesando PDF: Formato de MATERIA/CLAVE/GRUPO no reconocido
Texto: INSTITUTO TECNOLÓGICO DE PACHUCA LISTA DE ASISTENCIA PERIODO ESCOLAR ENE-JUN/2025 CICLO DE ESTUDIOS LICENCIATURA DEPARTAMENTO ACADEMICO DEPARTAMENTO DE SISTEMAS Y COMPUTACION MATERIA CLAVE GRUPO TALL. DE INVEST. II 8X3 B RFC CATEDRATICO MEAL600709GQ4 MENDOZA AUSTRIA LUIS LUNES MARTES MIERCOLES JUEVES VIERNES ALUMNOS 25 17:00-19:00 / Y9 17:00-19:00 / Y9 NO ESTATUS NOMBRE DEL ALUMNO NO. DE CONTROL 1 AHUMADA HUERTA URIEL 21200573 2 ARRIAGA OSTRIA OMAR 21200578 3 BAUTISTA HERNANDEZ OMAR 20200339 4 C
